<?xml version="1.0" encoding="UTF-8"?>
<!-- Generated by org.testng.reporters.JUnitReportReporter -->
<testsuite hostname="SLB-2TZTXT2" failures="0" tests="2" name="com.selenium.FreeCRMTest" time="67.852" errors="0" timestamp="2020-09-12T19:25:35 IST" skipped="0">
  <testcase classname="com.selenium.FreeCRMTest" name="createNewContact" time="56.059"/>
  <system-out/>
  <testcase classname="com.selenium.FreeCRMTest" name="LoginFreeCRM" time="11.793"/>
  <system-out/>
</testsuite> <!-- com.selenium.FreeCRMTest -->
