<?xml version="1.0" encoding="UTF-8"?>
<!-- Generated by org.testng.reporters.JUnitReportReporter -->
<testsuite hostname="SLB-2TZTXT2" failures="0" tests="2" name="com.Selenium.PracticeTest" time="28.503" errors="0" timestamp="2020-07-09T15:52:28 IST" skipped="0">
  <testcase classname="com.Selenium.PracticeTest" name="loginChrome" time="9.266"/>
  <system-out/>
  <testcase classname="com.Selenium.PracticeTest" name="loginFirefox" time="19.237"/>
  <system-out/>
</testsuite> <!-- com.Selenium.PracticeTest -->
