<?xml version="1.0" encoding="UTF-8"?>
<!-- Generated by org.testng.reporters.JUnitReportReporter -->
<testsuite hostname="SLB-2TZTXT2" failures="0" tests="2" name="com.selenium.FreeCRMTest" time="75.400" errors="0" timestamp="2020-09-12T21:13:52 IST" skipped="0">
  <testcase classname="com.selenium.FreeCRMTest" name="createNewContact" time="59.350"/>
  <system-out/>
  <testcase classname="com.selenium.FreeCRMTest" name="LoginFreeCRM" time="16.050"/>
  <system-out/>
</testsuite> <!-- com.selenium.FreeCRMTest -->
