<?xml version="1.0" encoding="UTF-8"?>
<!-- Generated by org.testng.reporters.JUnitReportReporter -->
<testsuite hostname="SLB-2TZTXT2" failures="0" tests="1" name="com.selenium.DemoTest" time="58.825" errors="0" timestamp="2020-07-15T21:00:16 IST" skipped="0">
  <testcase classname="com.selenium.DemoTest" name="test" time="58.825"/>
  <system-out/>
</testsuite> <!-- com.selenium.DemoTest -->
