<?xml version="1.0" encoding="UTF-8"?>
<!-- Generated by org.testng.reporters.JUnitReportReporter -->
<testsuite hostname="SLB-2TZTXT2" failures="0" tests="2" name="com.selenium.FreeCRM" time="67.016" errors="0" timestamp="2020-09-12T15:16:40 IST" skipped="0">
  <testcase classname="com.selenium.FreeCRM" name="createNewContact" time="56.334"/>
  <system-out/>
  <testcase classname="com.selenium.FreeCRM" name="LoginFreeCRM" time="10.682"/>
  <system-out/>
</testsuite> <!-- com.selenium.FreeCRM -->
