<?xml version="1.0" encoding="UTF-8"?>
<!-- Generated by org.testng.reporters.JUnitReportReporter -->
<testsuite hostname="SLB-2TZTXT2" failures="0" tests="2" name="com.Selenium.PracticeTest" time="21.546" errors="0" timestamp="2020-07-09T16:37:46 IST" skipped="0">
  <testcase classname="com.Selenium.PracticeTest" name="loginFirefox" time="12.931"/>
  <system-out/>
  <testcase classname="com.Selenium.PracticeTest" name="loginChrome" time="8.615"/>
  <system-out/>
</testsuite> <!-- com.Selenium.PracticeTest -->
