<?xml version="1.0" encoding="UTF-8"?>
<!-- Generated by org.testng.reporters.JUnitReportReporter -->
<testsuite hostname="SLB-2TZTXT2" failures="0" tests="1" name="com.Selenium.Base" time="8.516" errors="0" timestamp="2020-07-09T13:16:15 IST" skipped="0">
  <testcase classname="com.Selenium.Base" name="loginChrome" time="8.516"/>
  <system-out/>
</testsuite> <!-- com.Selenium.Base -->
